# JRE version: Java(TM) SE Runtime Environment (8.0_162-b12) (build 1.8.0_162-b12)
# Java VM: Java HotSpot(TM) 64-Bit Server VM (25.162-b12 mixed mode bsd-amd64 compressed oops)
Heap:
 PSYoungGen      total 182272K, used 161352K [0x000000076ab00000, 0x000000077da80000, 0x00000007c0000000)
  eden space 166400K, 96% used [0x000000076ab00000,0x0000000774892110,0x0000000774d80000)
  from space 15872K, 0% used [0x0000000774d80000,0x0000000774d80000,0x0000000775d00000)
  to   space 15872K, 0% used [0x000000077cb00000,0x000000077cb00000,0x000000077da80000)
 ParOldGen       total 139264K, used 16706K [0x00000006c0000000, 0x00000006c8800000, 0x000000076ab00000)
  object space 139264K, 11% used [0x00000006c0000000,0x00000006c1050bd0,0x00000006c8800000)
 Metaspace       used 43691K, capacity 45686K, committed 45952K, reserved 1089536K
  class space    used 5863K, capacity 6249K, committed 6272K, reserved 1048576K
GC Heap History (10 events):
Event: 1.751 GC heap before
{Heap before GC invocations=5 (full 1):
 PSYoungGen      total 76288K, used 65536K [0x000000076ab00000, 0x0000000774000000, 0x00000007c0000000)
  eden space 65536K, 100% used [0x000000076ab00000,0x000000076eb00000,0x000000076eb00000)
  from space 10752K, 0% used [0x000000076eb00000,0x000000076eb00000,0x000000076f580000)
  to   space 10752K, 0% used [0x0000000773580000,0x0000000773580000,0x0000000774000000)
 ParOldGen       total 98304K, used 9568K [0x00000006c0000000, 0x00000006c6000000, 0x000000076ab00000)
  object space 98304K, 9% used [0x00000006c0000000,0x00000006c0958000,0x00000006c6000000)
 Metaspace       used 23405K, capacity 24110K, committed 24320K, reserved 1071104K
  class space    used 3095K, capacity 3288K, committed 3328K, reserved 1048576K
Event: 1.756 GC heap after
Heap after GC invocations=5 (full 1):
 PSYoungGen      total 112640K, used 5833K [0x000000076ab00000, 0x0000000773b80000, 0x00000007c0000000)
  eden space 106496K, 0% used [0x000000076ab00000,0x000000076ab00000,0x0000000771300000)
  from space 6144K, 94% used [0x0000000773580000,0x0000000773b326c0,0x0000000773b80000)
  to   space 10752K, 0% used [0x0000000772680000,0x0000000772680000,0x0000000773100000)
 ParOldGen       total 98304K, used 9640K [0x00000006c0000000, 0x00000006c6000000, 0x000000076ab00000)
  object space 98304K, 9% used [0x00000006c0000000,0x00000006c096a010,0x00000006c6000000)
 Metaspace       used 23405K, capacity 24110K, committed 24320K, reserved 1071104K
  class space    used 3095K, capacity 3288K, committed 3328K, reserved 1048576K
}
Event: 2.340 GC heap before
{Heap before GC invocations=6 (full 1):
 PSYoungGen      total 112640K, used 112329K [0x000000076ab00000, 0x0000000773b80000, 0x00000007c0000000)
  eden space 106496K, 100% used [0x000000076ab00000,0x0000000771300000,0x0000000771300000)
  from space 6144K, 94% used [0x0000000773580000,0x0000000773b326c0,0x0000000773b80000)
  to   space 10752K, 0% used [0x0000000772680000,0x0000000772680000,0x0000000773100000)
 ParOldGen       total 98304K, used 9640K [0x00000006c0000000, 0x00000006c6000000, 0x000000076ab00000)
  object space 98304K, 9% used [0x00000006c0000000,0x00000006c096a010,0x00000006c6000000)
 Metaspace       used 27304K, capacity 28190K, committed 28288K, reserved 1073152K
  class space    used 3676K, capacity 3926K, committed 3968K, reserved 1048576K
Event: 2.348 GC heap after
Heap after GC invocations=6 (full 1):
 PSYoungGen      total 137216K, used 10473K [0x000000076ab00000, 0x0000000776980000, 0x00000007c0000000)
  eden space 126464K, 0% used [0x000000076ab00000,0x000000076ab00000,0x0000000772680000)
  from space 10752K, 97% used [0x0000000772680000,0x00000007730ba5b0,0x0000000773100000)
  to   space 12800K, 0% used [0x0000000775d00000,0x0000000775d00000,0x0000000776980000)
 ParOldGen       total 98304K, used 9648K [0x00000006c0000000, 0x00000006c6000000, 0x000000076ab00000)
  object space 98304K, 9% used [0x00000006c0000000,0x00000006c096c010,0x00000006c6000000)
 Metaspace       used 27304K, capacity 28190K, committed 28288K, reserved 1073152K
  class space    used 3676K, capacity 3926K, committed 3968K, reserved 1048576K
}
Event: 3.153 GC heap before
{Heap before GC invocations=7 (full 1):
 PSYoungGen      total 137216K, used 136937K [0x000000076ab00000, 0x0000000776980000, 0x00000007c0000000)
  eden space 126464K, 100% used [0x000000076ab00000,0x0000000772680000,0x0000000772680000)
  from space 10752K, 97% used [0x0000000772680000,0x00000007730ba5b0,0x0000000773100000)
  to   space 12800K, 0% used [0x0000000775d00000,0x0000000775d00000,0x0000000776980000)
 ParOldGen       total 98304K, used 9648K [0x00000006c0000000, 0x00000006c6000000, 0x000000076ab00000)
  object space 98304K, 9% used [0x00000006c0000000,0x00000006c096c010,0x00000006c6000000)
 Metaspace       used 33362K, capacity 34784K, committed 35072K, reserved 1079296K
  class space    used 4516K, capacity 4831K, committed 4864K, reserved 1048576K
Event: 3.172 GC heap after
Heap after GC invocations=7 (full 1):
 PSYoungGen      total 179200K, used 12771K [0x000000076ab00000, 0x0000000778e00000, 0x00000007c0000000)
  eden space 166400K, 0% used [0x000000076ab00000,0x000000076ab00000,0x0000000774d80000)
  from space 12800K, 99% used [0x0000000775d00000,0x0000000776978f98,0x0000000776980000)
  to   space 15872K, 0% used [0x0000000774d80000,0x0000000774d80000,0x0000000775d00000)
 ParOldGen       total 98304K, used 12746K [0x00000006c0000000, 0x00000006c6000000, 0x000000076ab00000)
  object space 98304K, 12% used [0x00000006c0000000,0x00000006c0c72a90,0x00000006c6000000)
 Metaspace       used 33362K, capacity 34784K, committed 35072K, reserved 1079296K
  class space    used 4516K, capacity 4831K, committed 4864K, reserved 1048576K
}
Event: 3.278 GC heap before
{Heap before GC invocations=8 (full 1):
 PSYoungGen      total 179200K, used 33770K [0x000000076ab00000, 0x0000000778e00000, 0x00000007c0000000)
  eden space 166400K, 12% used [0x000000076ab00000,0x000000076bf81a70,0x0000000774d80000)
  from space 12800K, 99% used [0x0000000775d00000,0x0000000776978f98,0x0000000776980000)
  to   space 15872K, 0% used [0x0000000774d80000,0x0000000774d80000,0x0000000775d00000)
 ParOldGen       total 98304K, used 12746K [0x00000006c0000000, 0x00000006c6000000, 0x000000076ab00000)
  object space 98304K, 12% used [0x00000006c0000000,0x00000006c0c72a90,0x00000006c6000000)
 Metaspace       used 33824K, capacity 35366K, committed 35456K, reserved 1079296K
  class space    used 4600K, capacity 4930K, committed 4992K, reserved 1048576K
Event: 3.286 GC heap after
Heap after GC invocations=8 (full 1):
 PSYoungGen      total 182272K, used 11895K [0x000000076ab00000, 0x000000077da80000, 0x00000007c0000000)
  eden space 166400K, 0% used [0x000000076ab00000,0x000000076ab00000,0x0000000774d80000)
  from space 15872K, 74% used [0x0000000774d80000,0x000000077591ddd0,0x0000000775d00000)
  to   space 15872K, 0% used [0x000000077cb00000,0x000000077cb00000,0x000000077da80000)
 ParOldGen       total 98304K, used 12754K [0x00000006c0000000, 0x00000006c6000000, 0x000000076ab00000)
  object space 98304K, 12% used [0x00000006c0000000,0x00000006c0c74a90,0x00000006c6000000)
 Metaspace       used 33824K, capacity 35366K, committed 35456K, reserved 1079296K
  class space    used 4600K, capacity 4930K, committed 4992K, reserved 1048576K
}
Event: 3.286 GC heap before
{Heap before GC invocations=9 (full 2):
 PSYoungGen      total 182272K, used 11895K [0x000000076ab00000, 0x000000077da80000, 0x00000007c0000000)
  eden space 166400K, 0% used [0x000000076ab00000,0x000000076ab00000,0x0000000774d80000)
  from space 15872K, 74% used [0x0000000774d80000,0x000000077591ddd0,0x0000000775d00000)
  to   space 15872K, 0% used [0x000000077cb00000,0x000000077cb00000,0x000000077da80000)
 ParOldGen       total 98304K, used 12754K [0x00000006c0000000, 0x00000006c6000000, 0x000000076ab00000)
  object space 98304K, 12% used [0x00000006c0000000,0x00000006c0c74a90,0x00000006c6000000)
 Metaspace       used 33824K, capacity 35366K, committed 35456K, reserved 1079296K
  class space    used 4600K, capacity 4930K, committed 4992K, reserved 1048576K
Event: 3.333 GC heap after
Heap after GC invocations=9 (full 2):
 PSYoungGen      total 182272K, used 0K [0x000000076ab00000, 0x000000077da80000, 0x00000007c0000000)
  eden space 166400K, 0% used [0x000000076ab00000,0x000000076ab00000,0x0000000774d80000)
  from space 15872K, 0% used [0x0000000774d80000,0x0000000774d80000,0x0000000775d00000)
  to   space 15872K, 0% used [0x000000077cb00000,0x000000077cb00000,0x000000077da80000)
 ParOldGen       total 139264K, used 16706K [0x00000006c0000000, 0x00000006c8800000, 0x000000076ab00000)
  object space 139264K, 11% used [0x00000006c0000000,0x00000006c1050bd0,0x00000006c8800000)
 Metaspace       used 33824K, capacity 35366K, committed 35456K, reserved 1079296K
  class space    used 4600K, capacity 4930K, committed 4992K, reserved 1048576K
}

